<?xml version="1.0" encoding="UTF-8"?>
<!-- Generated by org.testng.reporters.JUnitXMLReporter -->
<testsuite hostname="DESKTOP-M5VT8AP" ignored="11" name="Default test" tests="3" failures="0" timestamp="2021-07-31T10:03:45 IST" time="0.183" errors="0">
  <testcase name="invalid_login_2" time="0.027" classname="com.vcentry.TestNG.Login2"/>
  <testcase name="valid_login_2" time="0.008" classname="com.vcentry.TestNG.Login2"/>
  <testcase name="PaymentDetails_2" time="0.003" classname="com.vcentry.TestNG.Logout"/>
  <testcase name="invalid_login_5" time="0.0" classname="com.vcentry.TestNG.Login2">
    <ignored/>
  </testcase> <!-- invalid_login_5 -->
  <testcase name="prior3" time="0.0" classname="com.vcentry.TestNG.Home">
    <ignored/>
  </testcase> <!-- prior3 -->
  <testcase name="invalid_login_3" time="0.0" classname="com.vcentry.TestNG.Login2">
    <ignored/>
  </testcase> <!-- invalid_login_3 -->
  <testcase name="prior2" time="0.0" classname="com.vcentry.TestNG.Home">
    <ignored/>
  </testcase> <!-- prior2 -->
  <testcase name="PaymentDetails" time="0.0" classname="com.vcentry.TestNG.Home">
    <ignored/>
  </testcase> <!-- PaymentDetails -->
  <testcase name="invalid_login" time="0.0" classname="com.vcentry.TestNG.Login">
    <ignored/>
  </testcase> <!-- invalid_login -->
  <testcase name="valid_login" time="0.0" classname="com.vcentry.TestNG.Login">
    <ignored/>
  </testcase> <!-- valid_login -->
  <testcase name="logoutscreen" time="0.0" classname="com.vcentry.TestNG.Logout">
    <ignored/>
  </testcase> <!-- logoutscreen -->
  <testcase name="CustomerDetails" time="0.0" classname="com.vcentry.TestNG.Home">
    <ignored/>
  </testcase> <!-- CustomerDetails -->
  <testcase name="prior1" time="0.0" classname="com.vcentry.TestNG.Home">
    <ignored/>
  </testcase> <!-- prior1 -->
  <testcase name="invalid_login_4" time="0.0" classname="com.vcentry.TestNG.Login2">
    <ignored/>
  </testcase> <!-- invalid_login_4 -->
</testsuite> <!-- Default test -->
