<?xml version="1.0" encoding="UTF-8"?>
<!-- Generated by org.testng.reporters.JUnitXMLReporter -->
<testsuite hostname="DESKTOP-M5VT8AP" ignored="0" name="Default test" tests="5" failures="0" timestamp="2021-07-20T16:38:01 IST" time="0.096" errors="0">
  <testcase name="CustomerDetails" time="0.005" classname="com.vcentry.TestNG.Home"/>
  <testcase name="prior1" time="0.001" classname="com.vcentry.TestNG.Home"/>
  <testcase name="prior2" time="0.003" classname="com.vcentry.TestNG.Home"/>
  <testcase name="prior3" time="0.002" classname="com.vcentry.TestNG.Home"/>
  <testcase name="PaymentDetails" time="0.002" classname="com.vcentry.TestNG.Home"/>
</testsuite> <!-- Default test -->
