<?xml version="1.0" encoding="UTF-8"?>
<!-- Generated by org.testng.reporters.JUnitXMLReporter -->
<testsuite hostname="DESKTOP-M5VT8AP" ignored="4" name="busy loan" tests="1" failures="0" timestamp="2021-07-20T19:56:36 IST" time="0.007" errors="0">
  <testcase name="valid_login_2" time="0.001" classname="com.vcentry.TestNG.Login2"/>
  <testcase name="invalid_login_2" time="0.0" classname="com.vcentry.TestNG.Login2">
    <ignored/>
  </testcase> <!-- invalid_login_2 -->
  <testcase name="invalid_login_5" time="0.0" classname="com.vcentry.TestNG.Login2">
    <ignored/>
  </testcase> <!-- invalid_login_5 -->
  <testcase name="invalid_login_3" time="0.0" classname="com.vcentry.TestNG.Login2">
    <ignored/>
  </testcase> <!-- invalid_login_3 -->
  <testcase name="invalid_login_4" time="0.0" classname="com.vcentry.TestNG.Login2">
    <ignored/>
  </testcase> <!-- invalid_login_4 -->
</testsuite> <!-- busy loan -->
