<?xml version="1.0" encoding="UTF-8"?>
<!-- Generated by org.testng.reporters.JUnitXMLReporter -->
<testsuite hostname="DESKTOP-M5VT8AP" ignored="0" name="Personal loan" tests="4" failures="0" timestamp="2021-07-20T19:56:36 IST" time="0.067" errors="0">
  <testcase name="invalid_login" time="0.007" classname="com.vcentry.TestNG.Login"/>
  <testcase name="valid_login" time="0.004" classname="com.vcentry.TestNG.Login"/>
  <testcase name="PaymentDetails_2" time="0.001" classname="com.vcentry.TestNG.Logout"/>
  <testcase name="logoutscreen" time="0.002" classname="com.vcentry.TestNG.Logout"/>
</testsuite> <!-- Personal loan -->
