<?xml version="1.0" encoding="UTF-8"?>
<testng-results skipped="0" failed="0" ignored="11" total="14" passed="3">
  <reporter-output>
  </reporter-output>
  <suite name="TestNG practise" duration-ms="183" started-at="2021-07-31T10:03:44 IST" finished-at="2021-07-31T10:03:45 IST">
    <groups>
      <group name="smoke">
        <method signature="Login2.invalid_login_2()[pri:0, instance:com.vcentry.TestNG.Login2@17579e0f]" name="invalid_login_2" class="com.vcentry.TestNG.Login2"/>
        <method signature="Login2.valid_login_2()[pri:0, instance:com.vcentry.TestNG.Login2@17579e0f]" name="valid_login_2" class="com.vcentry.TestNG.Login2"/>
        <method signature="Logout.PaymentDetails_2()[pri:0, instance:com.vcentry.TestNG.Logout@4d41cee]" name="PaymentDetails_2" class="com.vcentry.TestNG.Logout"/>
      </group> <!-- smoke -->
    </groups>
    <test name="Default test" duration-ms="183" started-at="2021-07-31T10:03:44 IST" finished-at="2021-07-31T10:03:45 IST">
      <class name="com.vcentry.TestNG.Logout">
        <test-method status="PASS" signature="PaymentDetails_2()[pri:0, instance:com.vcentry.TestNG.Logout@4d41cee]" name="PaymentDetails_2" duration-ms="3" started-at="2021-07-31T10:03:45 IST" finished-at="2021-07-31T10:03:45 IST">
          <reporter-output>
          </reporter-output>
        </test-method> <!-- PaymentDetails_2 -->
      </class> <!-- com.vcentry.TestNG.Logout -->
      <class name="com.vcentry.TestNG.Login2">
        <test-method status="PASS" signature="invalid_login_2()[pri:0, instance:com.vcentry.TestNG.Login2@17579e0f]" name="invalid_login_2" duration-ms="27" started-at="2021-07-31T10:03:45 IST" finished-at="2021-07-31T10:03:45 IST">
          <reporter-output>
          </reporter-output>
        </test-method> <!-- invalid_login_2 -->
        <test-method status="PASS" signature="valid_login_2()[pri:0, instance:com.vcentry.TestNG.Login2@17579e0f]" name="valid_login_2" duration-ms="8" started-at="2021-07-31T10:03:45 IST" finished-at="2021-07-31T10:03:45 IST">
          <reporter-output>
          </reporter-output>
        </test-method> <!-- valid_login_2 -->
      </class> <!-- com.vcentry.TestNG.Login2 -->
    </test> <!-- Default test -->
  </suite> <!-- TestNG practise -->
</testng-results>
